[     7.718] 
X.Org X Server 1.21.1.2
X Protocol Version 11, Revision 0
[     7.718] Current Operating System: Linux archlinux 5.15.12-arch1-1 #1 SMP PREEMPT Wed, 29 Dec 2021 12:04:56 +0000 x86_64
[     7.718] Kernel command line: BOOT_IMAGE=/boot/vmlinuz-linux root=UUID=2b18c997-4358-49ee-bf52-fc6dd0d40bb7 rw loglevel=3 quiet
[     7.718]  
[     7.718] Current version of pixman: 0.40.0
[     7.718] 	Before reporting problems, check http://wiki.x.org
	to make sure that you have the latest version.
[     7.718] Markers: (--) probed, (**) from config file, (==) default setting,
	(++) from command line, (!!) notice, (II) informational,
	(WW) warning, (EE) error, (NI) not implemented, (??) unknown.
[     7.718] (==) Log file: "/home/figo/.local/share/xorg/Xorg.0.log", Time: Mon Jan  3 10:30:53 2022
[     7.720] (==) Using system config directory "/usr/share/X11/xorg.conf.d"
[     7.721] (==) No Layout section.  Using the first Screen section.
[     7.721] (==) No screen section available. Using defaults.
[     7.721] (**) |-->Screen "Default Screen Section" (0)
[     7.721] (**) |   |-->Monitor "<default monitor>"
[     7.721] (==) No monitor specified for screen "Default Screen Section".
	Using a default monitor configuration.
[     7.721] (==) Automatically adding devices
[     7.721] (==) Automatically enabling devices
[     7.721] (==) Automatically adding GPU devices
[     7.721] (==) Automatically binding GPU devices
[     7.722] (==) Max clients allowed: 256, resource mask: 0x1fffff
[     7.722] (WW) The directory "/usr/share/fonts/misc" does not exist.
[     7.722] 	Entry deleted from font path.
[     7.724] (WW) The directory "/usr/share/fonts/OTF" does not exist.
[     7.724] 	Entry deleted from font path.
[     7.724] (WW) The directory "/usr/share/fonts/Type1" does not exist.
[     7.724] 	Entry deleted from font path.
[     7.725] (==) FontPath set to:
	/usr/share/fonts/TTF,
	/usr/share/fonts/100dpi,
	/usr/share/fonts/75dpi
[     7.725] (==) ModulePath set to "/usr/lib/xorg/modules"
[     7.725] (II) The server relies on udev to provide the list of input devices.
	If no devices become available, reconfigure udev or disable AutoAddDevices.
[     7.725] (II) Module ABI versions:
[     7.725] 	X.Org ANSI C Emulation: 0.4
[     7.725] 	X.Org Video Driver: 25.2
[     7.725] 	X.Org XInput driver : 24.4
[     7.725] 	X.Org Server Extension : 10.0
[     7.726] (++) using VT number 1

[     7.726] (--) controlling tty is VT number 1, auto-enabling KeepTty
[     7.727] (II) systemd-logind: took control of session /org/freedesktop/login1/session/_31
[     7.728] (II) xfree86: Adding drm device (/dev/dri/card0)
[     7.728] (II) Platform probe for /sys/devices/pci0000:00/0000:00:02.0/drm/card0
[     7.729] (II) systemd-logind: got fd for /dev/dri/card0 226:0 fd 11 paused 0
[     7.731] (--) PCI:*(0@0:2:0) 15ad:0405:15ad:0405 rev 0, Mem @ 0xe0000000/16777216, 0xf0000000/2097152, I/O @ 0x0000d010/16, BIOS @ 0x????????/131072
[     7.731] (WW) Open ACPI failed (/var/run/acpid.socket) (No such file or directory)
[     7.731] (II) LoadModule: "glx"
[     7.732] (II) Loading /usr/lib/xorg/modules/extensions/libglx.so
[     7.739] (II) Module glx: vendor="X.Org Foundation"
[     7.739] 	compiled for 1.21.1.2, module version = 1.0.0
[     7.739] 	ABI class: X.Org Server Extension, version 10.0
[     7.739] (==) Matched vmware as autoconfigured driver 0
[     7.739] (==) Matched modesetting as autoconfigured driver 1
[     7.739] (==) Matched fbdev as autoconfigured driver 2
[     7.739] (==) Matched vesa as autoconfigured driver 3
[     7.739] (==) Assigned the driver to the xf86ConfigLayout
[     7.739] (II) LoadModule: "vmware"
[     7.740] (II) Loading /usr/lib/xorg/modules/drivers/vmware_drv.so
[     7.884] (II) Module vmware: vendor="X.Org Foundation"
[     7.884] 	compiled for 1.21.1.1, module version = 13.3.0
[     7.884] 	Module class: X.Org Video Driver
[     7.884] 	ABI class: X.Org Video Driver, version 25.2
[     7.884] (II) LoadModule: "modesetting"
[     7.884] (II) Loading /usr/lib/xorg/modules/drivers/modesetting_drv.so
[     7.886] (II) Module modesetting: vendor="X.Org Foundation"
[     7.886] 	compiled for 1.21.1.2, module version = 1.21.1
[     7.886] 	Module class: X.Org Video Driver
[     7.886] 	ABI class: X.Org Video Driver, version 25.2
[     7.886] (II) LoadModule: "fbdev"
[     7.886] (II) Loading /usr/lib/xorg/modules/drivers/fbdev_drv.so
[     7.887] (II) Module fbdev: vendor="X.Org Foundation"
[     7.887] 	compiled for 1.21.1.1, module version = 0.5.0
[     7.887] 	Module class: X.Org Video Driver
[     7.887] 	ABI class: X.Org Video Driver, version 25.2
[     7.887] (II) LoadModule: "vesa"
[     7.887] (II) Loading /usr/lib/xorg/modules/drivers/vesa_drv.so
[     7.888] (II) Module vesa: vendor="X.Org Foundation"
[     7.888] 	compiled for 1.21.1.1, module version = 2.5.0
[     7.888] 	Module class: X.Org Video Driver
[     7.888] 	ABI class: X.Org Video Driver, version 25.2
[     7.888] (II) vmware: driver for VMware SVGA: vmware0405, vmware0710
[     7.888] (II) modesetting: Driver for Modesetting Kernel Drivers: kms
[     7.888] (II) FBDEV: driver for framebuffer: fbdev
[     7.888] (II) VESA: driver for VESA chipsets: vesa
[     7.888] xf86EnableIO: failed to enable I/O ports 0000-03ff (Operation not permitted)
[     7.888] (WW) Falling back to old probe method for modesetting
[     7.888] (WW) Falling back to old probe method for fbdev
[     7.888] (II) Loading sub module "fbdevhw"
[     7.888] (II) LoadModule: "fbdevhw"
[     7.888] (II) Loading /usr/lib/xorg/modules/libfbdevhw.so
[     7.888] (II) Module fbdevhw: vendor="X.Org Foundation"
[     7.888] 	compiled for 1.21.1.2, module version = 0.0.2
[     7.888] 	ABI class: X.Org Video Driver, version 25.2
[     7.888] (WW) VGA arbiter: cannot open kernel arbiter, no multi-card support
[     7.888] (II) vmware(0): Creating default Display subsection in Screen section
	"Default Screen Section" for depth/fbbpp 24/32
[     7.888] (--) vmware(0): DRM driver version is 2.19.0
[     7.888] (==) vmware(0): Depth 24, (--) framebuffer bpp 32
[     7.888] (==) vmware(0): RGB weight 888
[     7.888] (==) vmware(0): Default visual is TrueColor
[     7.888] (--) vmware(0): Min width 1, Max Width 8192.
[     7.888] (--) vmware(0): Min height 1, Max Height 8192.
[     7.889] (II) vmware(0): Output Virtual1 has no monitor section
[     7.889] (II) vmware(0): Output Virtual2 has no monitor section
[     7.889] (II) vmware(0): Output Virtual3 has no monitor section
[     7.889] (II) vmware(0): Output Virtual4 has no monitor section
[     7.889] (II) vmware(0): Output Virtual5 has no monitor section
[     7.889] (II) vmware(0): Output Virtual6 has no monitor section
[     7.889] (II) vmware(0): Output Virtual7 has no monitor section
[     7.889] (II) vmware(0): Output Virtual8 has no monitor section
[     7.889] (II) vmware(0): Printing probed modes for output Virtual1
[     7.889] (II) vmware(0): Modeline "800x600"x60.0   42.75  800 850 900 950  600 650 700 750 -hsync +vsync (45.0 kHz eP)
[     7.889] (II) vmware(0): Modeline "2560x1600"x60.0  348.50  2560 2752 3032 3504  1600 1603 1609 1658 -hsync +vsync (99.5 kHz e)
[     7.889] (II) vmware(0): Modeline "2560x1440"x60.0  241.50  2560 2608 2640 2720  1440 1443 1448 1481 +hsync -vsync (88.8 kHz e)
[     7.889] (II) vmware(0): Modeline "1920x1440"x60.0  234.00  1920 2048 2256 2600  1440 1441 1444 1500 -hsync +vsync (90.0 kHz e)
[     7.889] (II) vmware(0): Modeline "1856x1392"x60.0  218.25  1856 1952 2176 2528  1392 1393 1396 1439 -hsync +vsync (86.3 kHz e)
[     7.889] (II) vmware(0): Modeline "1792x1344"x60.0  204.75  1792 1920 2120 2448  1344 1345 1348 1394 -hsync +vsync (83.6 kHz e)
[     7.889] (II) vmware(0): Modeline "1920x1200"x59.9  193.25  1920 2056 2256 2592  1200 1203 1209 1245 -hsync +vsync (74.6 kHz e)
[     7.889] (II) vmware(0): Modeline "1920x1080"x60.0  173.00  1920 2048 2248 2576  1080 1083 1088 1120 -hsync +vsync (67.2 kHz e)
[     7.889] (II) vmware(0): Modeline "1600x1200"x60.0  162.00  1600 1664 1856 2160  1200 1201 1204 1250 +hsync +vsync (75.0 kHz e)
[     7.889] (II) vmware(0): Modeline "1680x1050"x60.0  146.25  1680 1784 1960 2240  1050 1053 1059 1089 -hsync +vsync (65.3 kHz e)
[     7.889] (II) vmware(0): Modeline "1400x1050"x60.0  121.75  1400 1488 1632 1864  1050 1053 1057 1089 -hsync +vsync (65.3 kHz e)
[     7.889] (II) vmware(0): Modeline "1280x1024"x60.0  108.00  1280 1328 1440 1688  1024 1025 1028 1066 +hsync +vsync (64.0 kHz e)
[     7.889] (II) vmware(0): Modeline "1440x900"x59.9  106.50  1440 1520 1672 1904  900 903 909 934 -hsync +vsync (55.9 kHz e)
[     7.889] (II) vmware(0): Modeline "1280x960"x60.0  108.00  1280 1376 1488 1800  960 961 964 1000 +hsync +vsync (60.0 kHz e)
[     7.889] (II) vmware(0): Modeline "1360x768"x60.0   85.50  1360 1424 1536 1792  768 771 777 795 +hsync +vsync (47.7 kHz e)
[     7.889] (II) vmware(0): Modeline "1280x800"x59.8   83.50  1280 1352 1480 1680  800 803 809 831 +hsync -vsync (49.7 kHz e)
[     7.889] (II) vmware(0): Modeline "1152x864"x75.0  108.00  1152 1216 1344 1600  864 865 868 900 +hsync +vsync (67.5 kHz e)
[     7.889] (II) vmware(0): Modeline "1280x768"x59.9   79.50  1280 1344 1472 1664  768 771 778 798 -hsync +vsync (47.8 kHz e)
[     7.889] (II) vmware(0): Modeline "1280x720"x59.9   74.50  1280 1344 1472 1664  720 723 728 748 -hsync +vsync (44.8 kHz e)
[     7.889] (II) vmware(0): Modeline "1024x768"x60.0   65.00  1024 1048 1184 1344  768 771 777 806 -hsync -vsync (48.4 kHz e)
[     7.889] (II) vmware(0): Modeline "800x600"x60.3   40.00  800 840 968 1056  600 601 605 628 +hsync +vsync (37.9 kHz e)
[     7.889] (II) vmware(0): Modeline "640x480"x59.9   25.18  640 656 752 800  480 489 492 525 -hsync -vsync (31.5 kHz e)
[     7.889] (II) vmware(0): EDID for output Virtual2
[     7.889] (II) vmware(0): EDID for output Virtual3
[     7.889] (II) vmware(0): EDID for output Virtual4
[     7.889] (II) vmware(0): EDID for output Virtual5
[     7.889] (II) vmware(0): EDID for output Virtual6
[     7.889] (II) vmware(0): EDID for output Virtual7
[     7.889] (II) vmware(0): EDID for output Virtual8
[     7.889] (II) vmware(0): Output Virtual1 connected
[     7.889] (II) vmware(0): Output Virtual2 disconnected
[     7.889] (II) vmware(0): Output Virtual3 disconnected
[     7.889] (II) vmware(0): Output Virtual4 disconnected
[     7.889] (II) vmware(0): Output Virtual5 disconnected
[     7.889] (II) vmware(0): Output Virtual6 disconnected
[     7.889] (II) vmware(0): Output Virtual7 disconnected
[     7.889] (II) vmware(0): Output Virtual8 disconnected
[     7.889] (II) vmware(0): Using exact sizes for initial modes
[     7.889] (II) vmware(0): Output Virtual1 using initial mode 800x600 +0+0
[     7.889] (==) vmware(0): DPI set to (96, 96)
[     7.889] (==) vmware(0): Using gamma correction (1.0, 1.0, 1.0)
[     7.889] (II) Loading sub module "fb"
[     7.889] (II) LoadModule: "fb"
[     7.889] (II) Module "fb" already built-in
[     7.889] (II) Loading sub module "dri2"
[     7.889] (II) LoadModule: "dri2"
[     7.889] (II) Module "dri2" already built-in
[     7.889] (II) Loading sub module "dri3"
[     7.889] (II) LoadModule: "dri3"
[     7.889] (II) Module "dri3" already built-in
[     7.889] (II) UnloadModule: "modesetting"
[     7.889] (II) Unloading modesetting
[     7.889] (II) UnloadModule: "fbdev"
[     7.889] (II) Unloading fbdev
[     7.889] (II) UnloadSubModule: "fbdevhw"
[     7.889] (II) Unloading fbdevhw
[     7.889] (II) UnloadModule: "vesa"
[     7.889] (II) Unloading vesa
[     7.890] (II) vmware(0): Initialized VMWARE_CTRL extension version 0.2
[     7.895] (WW) vmware(0): Failed to initialize Gallium3D Xa. No render acceleration available.
[     7.895] (WW) vmware(0): Skipped initialization of direct rendering due to lack of render acceleration.
[     7.895] (--) vmware(0): Render acceleration is disabled.
[     7.895] (==) vmware(0): Rendercheck mode is disabled.
[     7.895] (--) vmware(0): Direct rendering (DRI2 3D) is disabled.
[     7.895] (--) vmware(0): Direct rendering (DRI3 3D) is disabled.
[     7.895] (==) vmware(0): Backing store enabled
[     7.895] (==) vmware(0): Silken mouse enabled
[     7.896] (==) vmware(0): DPMS enabled
[     7.896] (II) vmware(0): No 3D acceleration. Not setting up textured video.
[     7.896] (WW) vmware(0): Disabling Xv because no adaptors could be initialized.
[     7.896] (II) Initializing extension Generic Event Extension
[     7.896] (II) Initializing extension SHAPE
[     7.897] (II) Initializing extension MIT-SHM
[     7.897] (II) Initializing extension XInputExtension
[     7.897] (II) Initializing extension XTEST
[     7.897] (II) Initializing extension BIG-REQUESTS
[     7.898] (II) Initializing extension SYNC
[     7.898] (II) Initializing extension XKEYBOARD
[     7.898] (II) Initializing extension XC-MISC
[     7.898] (II) Initializing extension SECURITY
[     7.898] (II) Initializing extension XFIXES
[     7.898] (II) Initializing extension RENDER
[     7.899] (II) Initializing extension RANDR
[     7.899] (II) Initializing extension COMPOSITE
[     7.899] (II) Initializing extension DAMAGE
[     7.899] (II) Initializing extension MIT-SCREEN-SAVER
[     7.900] (II) Initializing extension DOUBLE-BUFFER
[     7.900] (II) Initializing extension RECORD
[     7.900] (II) Initializing extension DPMS
[     7.900] (II) Initializing extension Present
[     7.900] (II) Initializing extension DRI3
[     7.900] (II) Initializing extension X-Resource
[     7.900] (II) Initializing extension XVideo
[     7.901] (II) Initializing extension XVideo-MotionCompensation
[     7.901] (II) Initializing extension GLX
[     7.901] (II) AIGLX: Screen 0 is not DRI2 capable
[     7.947] (II) IGLX: Loaded and initialized swrast
[     7.947] (II) GLX: Initialized DRISWRAST GL provider for screen 0
[     7.947] (II) Initializing extension XFree86-VidModeExtension
[     7.947] (II) Initializing extension XFree86-DGA
[     7.948] (II) Initializing extension XFree86-DRI
[     7.948] (II) Initializing extension DRI2
[     7.950] (II) vmware(0): Setting screen physical size to 211 x 158
[     8.044] (II) config/udev: Adding input device Power Button (/dev/input/event0)
[     8.044] (**) Power Button: Applying InputClass "libinput keyboard catchall"
[     8.044] (II) LoadModule: "libinput"
[     8.045] (II) Loading /usr/lib/xorg/modules/input/libinput_drv.so
[     8.050] (II) Module libinput: vendor="X.Org Foundation"
[     8.050] 	compiled for 1.21.1, module version = 1.2.0
[     8.050] 	Module class: X.Org XInput Driver
[     8.050] 	ABI class: X.Org XInput driver, version 24.4
[     8.050] (II) Using input driver 'libinput' for 'Power Button'
[     8.051] (II) systemd-logind: got fd for /dev/input/event0 13:64 fd 19 paused 0
[     8.051] (**) Power Button: always reports core events
[     8.051] (**) Option "Device" "/dev/input/event0"
[     8.051] (**) Option "_source" "server/udev"
[     8.061] (II) event0  - Power Button: is tagged by udev as: Keyboard
[     8.061] (II) event0  - Power Button: device is a keyboard
[     8.061] (II) event0  - Power Button: device removed
[     8.061] (**) Option "config_info" "udev:/sys/devices/LNXSYSTM:00/LNXPWRBN:00/input/input0/event0"
[     8.061] (II) XINPUT: Adding extended input device "Power Button" (type: KEYBOARD, id 6)
[     8.062] (II) event0  - Power Button: is tagged by udev as: Keyboard
[     8.062] (II) event0  - Power Button: device is a keyboard
[     8.062] (II) config/udev: Adding input device Sleep Button (/dev/input/event1)
[     8.063] (**) Sleep Button: Applying InputClass "libinput keyboard catchall"
[     8.063] (II) Using input driver 'libinput' for 'Sleep Button'
[     8.063] (II) systemd-logind: got fd for /dev/input/event1 13:65 fd 22 paused 0
[     8.063] (**) Sleep Button: always reports core events
[     8.063] (**) Option "Device" "/dev/input/event1"
[     8.063] (**) Option "_source" "server/udev"
[     8.064] (II) event1  - Sleep Button: is tagged by udev as: Keyboard
[     8.064] (II) event1  - Sleep Button: device is a keyboard
[     8.064] (II) event1  - Sleep Button: device removed
[     8.064] (**) Option "config_info" "udev:/sys/devices/LNXSYSTM:00/LNXSLPBN:00/input/input1/event1"
[     8.064] (II) XINPUT: Adding extended input device "Sleep Button" (type: KEYBOARD, id 7)
[     8.065] (II) event1  - Sleep Button: is tagged by udev as: Keyboard
[     8.065] (II) event1  - Sleep Button: device is a keyboard
[     8.066] (II) config/udev: Adding input device Video Bus (/dev/input/event4)
[     8.066] (**) Video Bus: Applying InputClass "libinput keyboard catchall"
[     8.066] (II) Using input driver 'libinput' for 'Video Bus'
[     8.066] (II) systemd-logind: got fd for /dev/input/event4 13:68 fd 23 paused 0
[     8.066] (**) Video Bus: always reports core events
[     8.066] (**) Option "Device" "/dev/input/event4"
[     8.066] (**) Option "_source" "server/udev"
[     8.067] (II) event4  - Video Bus: is tagged by udev as: Keyboard
[     8.067] (II) event4  - Video Bus: device is a keyboard
[     8.067] (II) event4  - Video Bus: device removed
[     8.067] (**) Option "config_info" "udev:/sys/devices/LNXSYSTM:00/LNXSYBUS:00/PNP0A03:00/LNXVIDEO:00/input/input5/event4"
[     8.067] (II) XINPUT: Adding extended input device "Video Bus" (type: KEYBOARD, id 8)
[     8.068] (II) event4  - Video Bus: is tagged by udev as: Keyboard
[     8.068] (II) event4  - Video Bus: device is a keyboard
[     8.069] (II) config/udev: Adding input device VirtualBox mouse integration (/dev/input/event5)
[     8.069] (**) VirtualBox mouse integration: Applying InputClass "libinput pointer catchall"
[     8.069] (II) Using input driver 'libinput' for 'VirtualBox mouse integration'
[     8.070] (II) systemd-logind: got fd for /dev/input/event5 13:69 fd 24 paused 0
[     8.070] (**) VirtualBox mouse integration: always reports core events
[     8.070] (**) Option "Device" "/dev/input/event5"
[     8.070] (**) Option "_source" "server/udev"
[     8.071] (II) event5  - VirtualBox mouse integration: is tagged by udev as: Mouse
[     8.071] (II) event5  - VirtualBox mouse integration: device is a pointer
[     8.071] (II) event5  - VirtualBox mouse integration: device removed
[     8.071] (**) Option "config_info" "udev:/sys/devices/pci0000:00/0000:00:04.0/input/input6/event5"
[     8.071] (II) XINPUT: Adding extended input device "VirtualBox mouse integration" (type: MOUSE, id 9)
[     8.071] (**) Option "AccelerationScheme" "none"
[     8.071] (**) VirtualBox mouse integration: (accel) selected scheme none/0
[     8.071] (**) VirtualBox mouse integration: (accel) acceleration factor: 2.000
[     8.071] (**) VirtualBox mouse integration: (accel) acceleration threshold: 4
[     8.072] (II) event5  - VirtualBox mouse integration: is tagged by udev as: Mouse
[     8.072] (II) event5  - VirtualBox mouse integration: device is a pointer
[     8.072] (II) config/udev: Adding input device VirtualBox mouse integration (/dev/input/js1)
[     8.072] (II) No input driver specified, ignoring this device.
[     8.072] (II) This device may have been added with another device file.
[     8.073] (II) config/udev: Adding input device VirtualBox mouse integration (/dev/input/mouse1)
[     8.073] (II) No input driver specified, ignoring this device.
[     8.073] (II) This device may have been added with another device file.
[     8.073] (II) config/udev: Adding input device VirtualBox USB Tablet (/dev/input/event3)
[     8.073] (**) VirtualBox USB Tablet: Applying InputClass "libinput pointer catchall"
[     8.074] (II) Using input driver 'libinput' for 'VirtualBox USB Tablet'
[     8.131] (II) systemd-logind: got fd for /dev/input/event3 13:67 fd 25 paused 0
[     8.131] (**) VirtualBox USB Tablet: always reports core events
[     8.131] (**) Option "Device" "/dev/input/event3"
[     8.131] (**) Option "_source" "server/udev"
[     8.138] (II) event3  - VirtualBox USB Tablet: is tagged by udev as: Mouse
[     8.139] (II) event3  - VirtualBox USB Tablet: device is a pointer
[     8.139] (II) event3  - VirtualBox USB Tablet: device removed
[     8.139] (**) Option "config_info" "udev:/sys/devices/pci0000:00/0000:00:06.0/usb1/1-1/1-1:1.0/0003:80EE:0021.0001/input/input4/event3"
[     8.139] (II) XINPUT: Adding extended input device "VirtualBox USB Tablet" (type: MOUSE, id 10)
[     8.140] (**) Option "AccelerationScheme" "none"
[     8.140] (**) VirtualBox USB Tablet: (accel) selected scheme none/0
[     8.140] (**) VirtualBox USB Tablet: (accel) acceleration factor: 2.000
[     8.140] (**) VirtualBox USB Tablet: (accel) acceleration threshold: 4
[     8.144] (II) event3  - VirtualBox USB Tablet: is tagged by udev as: Mouse
[     8.144] (II) event3  - VirtualBox USB Tablet: device is a pointer
[     8.146] (II) config/udev: Adding input device VirtualBox USB Tablet (/dev/input/js0)
[     8.146] (II) No input driver specified, ignoring this device.
[     8.146] (II) This device may have been added with another device file.
[     8.147] (II) config/udev: Adding input device VirtualBox USB Tablet (/dev/input/mouse0)
[     8.147] (II) No input driver specified, ignoring this device.
[     8.147] (II) This device may have been added with another device file.
[     8.148] (II) config/udev: Adding input device AT Translated Set 2 keyboard (/dev/input/event2)
[     8.148] (**) AT Translated Set 2 keyboard: Applying InputClass "libinput keyboard catchall"
[     8.148] (II) Using input driver 'libinput' for 'AT Translated Set 2 keyboard'
[     8.150] (II) systemd-logind: got fd for /dev/input/event2 13:66 fd 26 paused 0
[     8.150] (**) AT Translated Set 2 keyboard: always reports core events
[     8.150] (**) Option "Device" "/dev/input/event2"
[     8.150] (**) Option "_source" "server/udev"
[     8.151] (II) event2  - AT Translated Set 2 keyboard: is tagged by udev as: Keyboard
[     8.151] (II) event2  - AT Translated Set 2 keyboard: device is a keyboard
[     8.152] (II) event2  - AT Translated Set 2 keyboard: device removed
[     8.152] (**) Option "config_info" "udev:/sys/devices/platform/i8042/serio0/input/input2/event2"
[     8.152] (II) XINPUT: Adding extended input device "AT Translated Set 2 keyboard" (type: KEYBOARD, id 11)
[     8.154] (II) event2  - AT Translated Set 2 keyboard: is tagged by udev as: Keyboard
[     8.154] (II) event2  - AT Translated Set 2 keyboard: device is a keyboard
[     8.155] (II) config/udev: Adding input device ImExPS/2 Generic Explorer Mouse (/dev/input/event7)
[     8.155] (**) ImExPS/2 Generic Explorer Mouse: Applying InputClass "libinput pointer catchall"
[     8.155] (II) Using input driver 'libinput' for 'ImExPS/2 Generic Explorer Mouse'
[     8.156] (II) systemd-logind: got fd for /dev/input/event7 13:71 fd 27 paused 0
[     8.156] (**) ImExPS/2 Generic Explorer Mouse: always reports core events
[     8.156] (**) Option "Device" "/dev/input/event7"
[     8.156] (**) Option "_source" "server/udev"
[     8.157] (II) event7  - ImExPS/2 Generic Explorer Mouse: is tagged by udev as: Mouse
[     8.157] (II) event7  - ImExPS/2 Generic Explorer Mouse: device is a pointer
[     8.157] (II) event7  - ImExPS/2 Generic Explorer Mouse: device removed
[     8.157] (**) Option "config_info" "udev:/sys/devices/platform/i8042/serio1/input/input8/event7"
[     8.157] (II) XINPUT: Adding extended input device "ImExPS/2 Generic Explorer Mouse" (type: MOUSE, id 12)
[     8.158] (**) Option "AccelerationScheme" "none"
[     8.158] (**) ImExPS/2 Generic Explorer Mouse: (accel) selected scheme none/0
[     8.158] (**) ImExPS/2 Generic Explorer Mouse: (accel) acceleration factor: 2.000
[     8.158] (**) ImExPS/2 Generic Explorer Mouse: (accel) acceleration threshold: 4
[     8.159] (II) event7  - ImExPS/2 Generic Explorer Mouse: is tagged by udev as: Mouse
[     8.159] (II) event7  - ImExPS/2 Generic Explorer Mouse: device is a pointer
[     8.160] (II) config/udev: Adding input device ImExPS/2 Generic Explorer Mouse (/dev/input/mouse2)
[     8.160] (II) No input driver specified, ignoring this device.
[     8.160] (II) This device may have been added with another device file.
[     8.160] (II) config/udev: Adding input device PC Speaker (/dev/input/event6)
[     8.160] (II) No input driver specified, ignoring this device.
[     8.160] (II) This device may have been added with another device file.
[  3069.483] (EE) event5  - VirtualBox mouse integration: client bug: event processing lagging behind by 14ms, your system is too slow
[  4576.522] (EE) vmwgfx_scanout_update: failed to send dirty (-22, Invalid argument)
